<?xml version="1.0" encoding="UTF-8"?>
<testng-results ignored="0" total="3" passed="3" failed="0" skipped="0">
  <reporter-output>
  </reporter-output>
  <suite started-at="2026-03-17T20:45:03 IST" name="Default suite" finished-at="2026-03-17T20:51:58 IST" duration-ms="414915">
    <groups>
    </groups>
    <test started-at="2026-03-17T20:45:03 IST" name="Default test" finished-at="2026-03-17T20:51:58 IST" duration-ms="414915">
      <class name="testNG.DataProvi">
        <test-method is-config="true" signature="Setup()[pri:0, instance:testNG.DataProvi@6743e411]" started-at="2026-03-17T20:45:03 IST" name="Setup" finished-at="2026-03-17T20:47:03 IST" duration-ms="119904" status="PASS">
          <reporter-output>
          </reporter-output>
        </test-method> <!-- Setup -->
        <test-method signature="f(java.lang.String,java.lang.String,java.lang.String,java.lang.String,java.lang.String)[pri:0, instance:testNG.DataProvi@6743e411]" started-at="2026-03-17T20:47:03 IST" name="f" data-provider="dp" finished-at="2026-03-17T20:47:22 IST" duration-ms="18700" status="PASS">
          <params>
            <param index="0">
              <value>
                <![CDATA[abcd.xyz@gmail.com]]>
              </value>
            </param>
            <param index="1">
              <value>
                <![CDATA[abcd@1234]]>
              </value>
            </param>
            <param index="2">
              <value>
                <![CDATA[Belgium]]>
              </value>
            </param>
            <param index="3">
              <value>
                <![CDATA[9272727]]>
              </value>
            </param>
            <param index="4">
              <value>
                <![CDATA[rty@123]]>
              </value>
            </param>
          </params>
          <reporter-output>
          </reporter-output>
        </test-method> <!-- f -->
        <test-method is-config="true" signature="Setup()[pri:0, instance:testNG.DataProvi@6743e411]" started-at="2026-03-17T20:47:22 IST" name="Setup" finished-at="2026-03-17T20:48:58 IST" duration-ms="96449" status="PASS">
          <reporter-output>
          </reporter-output>
        </test-method> <!-- Setup -->
        <test-method signature="f(java.lang.String,java.lang.String,java.lang.String,java.lang.String,java.lang.String)[pri:0, instance:testNG.DataProvi@6743e411]" started-at="2026-03-17T20:48:58 IST" name="f" data-provider="dp" finished-at="2026-03-17T20:49:17 IST" duration-ms="18455" status="PASS">
          <params>
            <param index="0">
              <value>
                <![CDATA[Kshitij.salgar@gmail.com]]>
              </value>
            </param>
            <param index="1">
              <value>
                <![CDATA[2872724]]>
              </value>
            </param>
            <param index="2">
              <value>
                <![CDATA[India]]>
              </value>
            </param>
            <param index="3">
              <value>
                <![CDATA[abcde@345]]>
              </value>
            </param>
            <param index="4">
              <value>
                <![CDATA[$#$%%^^]]>
              </value>
            </param>
          </params>
          <reporter-output>
          </reporter-output>
        </test-method> <!-- f -->
        <test-method is-config="true" signature="Setup()[pri:0, instance:testNG.DataProvi@6743e411]" started-at="2026-03-17T20:49:17 IST" name="Setup" finished-at="2026-03-17T20:51:40 IST" duration-ms="142831" status="PASS">
          <reporter-output>
          </reporter-output>
        </test-method> <!-- Setup -->
        <test-method signature="f(java.lang.String,java.lang.String,java.lang.String,java.lang.String,java.lang.String)[pri:0, instance:testNG.DataProvi@6743e411]" started-at="2026-03-17T20:51:40 IST" name="f" data-provider="dp" finished-at="2026-03-17T20:51:58 IST" duration-ms="18422" status="PASS">
          <params>
            <param index="0">
              <value>
                <![CDATA[jsdbdb.asuhwdgw]]>
              </value>
            </param>
            <param index="1">
              <value>
                <![CDATA[123456]]>
              </value>
            </param>
            <param index="2">
              <value>
                <![CDATA[China]]>
              </value>
            </param>
            <param index="3">
              <value>
                <![CDATA[12728282]]>
              </value>
            </param>
            <param index="4">
              <value>
                <![CDATA[jwsbdbdhbd]]>
              </value>
            </param>
          </params>
          <reporter-output>
          </reporter-output>
        </test-method> <!-- f -->
      </class> <!-- testNG.DataProvi -->
    </test> <!-- Default test -->
  </suite> <!-- Default suite -->
</testng-results>
