<?xml version="1.0" encoding="UTF-8"?>
<!-- Generated by org.testng.reporters.JUnitReportReporter -->
<testsuite hostname="LAPTOP-RU3EL36Q" failures="0" tests="3" name="testNG.DataProvi" time="414.761" errors="0" timestamp="2026-03-17T20:51:59 IST" skipped="0">
  <testcase classname="testNG.DataProvi" name="f" time="138.604"/>
  <testcase classname="testNG.DataProvi" name="f" time="161.286"/>
  <testcase classname="testNG.DataProvi" name="f" time="114.871"/>
</testsuite> <!-- testNG.DataProvi -->
