<?xml version="1.0" encoding="UTF-8"?>
<!-- Generated by org.testng.reporters.JUnitReportReporter -->
<testsuite hostname="LAPTOP-RU3EL36Q" failures="0" tests="5" name="testNG.advanceTenstNG" time="87.156" errors="0" timestamp="2026-03-16T21:43:07 IST" skipped="0">
  <testcase classname="testNG.advanceTenstNG" name="setup" time="52.147"/>
  <testcase classname="testNG.advanceTenstNG" name="loginform_automate" time="11.358"/>
  <testcase classname="testNG.advanceTenstNG" name="loginform_automate" time="10.696"/>
  <testcase classname="testNG.advanceTenstNG" name="loginform_automate" time="11.727"/>
  <testcase classname="testNG.advanceTenstNG" name="mousehover_automate" time="1.228"/>
</testsuite> <!-- testNG.advanceTenstNG -->
